<?xml version="1.0" encoding="UTF-8"?>
<!-- Generated by org.testng.reporters.JUnitReportReporter -->
<testsuite skipped="0" hostname="DESKTOP-P20C76C" name="org.qa.winApp_automation.Win_App_Automation" tests="2" failures="0" timestamp="31 May 2020 06:44:04 GMT" time="8.642" errors="0">
  <testcase name="openHelpAboutNotepad" time="3.072" classname="org.qa.winApp_automation.Win_App_Automation"/>
  <testcase name="sendTextTest" time="5.570" classname="org.qa.winApp_automation.Win_App_Automation"/>
</testsuite> <!-- org.qa.winApp_automation.Win_App_Automation -->
